mode: atomic
DatingApp/src/services/user/user.go:26.34,30.2 1 4
DatingApp/src/services/user/user.go:34.65,44.2 2 2
DatingApp/src/services/user/user.go:46.117,49.2 2 2
DatingApp/src/services/user/user.go:51.97,61.2 3 2
DatingApp/src/services/user/user.go:63.96,65.2 1 2
DatingApp/src/repositories/user/user.go:27.34,34.2 1 15
DatingApp/src/repositories/user/user.go:36.111,47.16 3 2
DatingApp/src/repositories/user/user.go:47.16,49.3 1 1
DatingApp/src/repositories/user/user.go:50.2,51.18 2 1
DatingApp/src/repositories/user/user.go:51.18,55.32 4 1
DatingApp/src/repositories/user/user.go:55.32,58.4 2 4
DatingApp/src/repositories/user/user.go:60.3,61.17 2 1
DatingApp/src/repositories/user/user.go:61.17,63.4 1 0
DatingApp/src/repositories/user/user.go:65.2,65.20 1 1
DatingApp/src/repositories/premium_feature/premium_feature.go:22.34,29.2 1 13
DatingApp/src/services/auth/auth.go:27.37,29.2 1 2
DatingApp/src/services/auth/auth.go:31.97,39.16 2 5
DatingApp/src/services/auth/auth.go:39.16,41.3 1 1
DatingApp/src/services/auth/auth.go:42.2,42.15 1 4
DatingApp/src/services/auth/auth.go:42.15,44.3 1 1
DatingApp/src/services/auth/auth.go:46.2,47.16 2 3
DatingApp/src/services/auth/auth.go:47.16,49.3 1 1
DatingApp/src/services/auth/auth.go:50.2,53.16 3 2
DatingApp/src/services/auth/auth.go:53.16,55.3 1 1
DatingApp/src/services/auth/auth.go:56.2,56.12 1 1
DatingApp/src/services/auth/auth.go:59.101,68.16 2 5
DatingApp/src/services/auth/auth.go:68.16,70.3 1 1
DatingApp/src/services/auth/auth.go:71.2,71.21 1 4
DatingApp/src/services/auth/auth.go:71.21,73.3 1 1
DatingApp/src/services/auth/auth.go:75.2,76.16 2 3
DatingApp/src/services/auth/auth.go:76.16,78.3 1 1
DatingApp/src/services/auth/auth.go:80.2,81.16 2 2
DatingApp/src/services/auth/auth.go:81.16,83.3 1 1
DatingApp/src/services/auth/auth.go:85.2,85.26 1 1
DatingApp/src/services/premium_feature/premium_feature.go:26.34,30.2 1 4
DatingApp/src/services/premium_feature/premium_feature.go:34.75,44.2 2 2
DatingApp/src/services/premium_feature/premium_feature.go:46.123,51.2 3 2
DatingApp/src/services/premium_feature/premium_feature.go:53.115,58.2 3 2
DatingApp/src/services/premium_feature/premium_feature.go:60.147,63.2 2 2
DatingApp/src/repositories/user_activity/user_activity.go:26.34,33.2 1 15
DatingApp/src/repositories/user_activity/user_activity.go:35.102,44.16 3 2
DatingApp/src/repositories/user_activity/user_activity.go:44.16,46.3 1 1
DatingApp/src/repositories/user_activity/user_activity.go:47.2,47.22 1 1
DatingApp/src/repositories/user_activity/user_activity.go:47.22,49.3 1 1
DatingApp/src/repositories/user_activity/user_activity.go:50.2,50.19 1 1
DatingApp/src/services/user_activity/user_activity.go:37.34,43.2 1 4
DatingApp/src/services/user_activity/user_activity.go:47.73,57.2 2 2
DatingApp/src/services/user_activity/user_activity.go:59.119,64.2 3 2
DatingApp/src/services/user_activity/user_activity.go:66.111,73.16 3 6
DatingApp/src/services/user_activity/user_activity.go:73.16,75.3 1 1
DatingApp/src/services/user_activity/user_activity.go:76.2,76.21 1 5
DatingApp/src/services/user_activity/user_activity.go:76.21,78.3 1 1
DatingApp/src/services/user_activity/user_activity.go:79.2,86.16 3 4
DatingApp/src/services/user_activity/user_activity.go:86.16,88.3 1 1
DatingApp/src/services/user_activity/user_activity.go:89.2,89.24 1 3
DatingApp/src/services/user_activity/user_activity.go:89.24,91.3 1 1
DatingApp/src/services/user_activity/user_activity.go:92.2,94.84 2 2
DatingApp/src/services/user_activity/user_activity.go:94.84,96.17 2 0
DatingApp/src/services/user_activity/user_activity.go:96.17,98.4 1 0
DatingApp/src/services/user_activity/user_activity.go:99.3,99.26 1 0
DatingApp/src/services/user_activity/user_activity.go:99.26,101.4 1 0
DatingApp/src/services/user_activity/user_activity.go:104.2,107.52 3 2
DatingApp/src/services/user_activity/user_activity.go:110.141,113.2 2 2
